<?xml version="1.0" encoding="UTF-8"?>
<!-- Generated by org.testng.reporters.JUnitXMLReporter -->
<testsuite ignored="0" hostname="IMCCBCP291-MSL2" failures="0" tests="10" name="Test3" time="0.06" errors="0" timestamp="2022-02-06T23:31:32 IST">
  <testcase classname="com.practice.ParameterTestForMultipleTestCases" name="loginUser1" time="0.006"/>
  <testcase classname="com.practice.ParameterTestForMultipleTestCases" name="registration" time="0.006"/>
  <testcase classname="com.practice.ParameterTestForMultipleTestCases" name="loginUser1" time="0.001"/>
  <testcase classname="com.practice.ParameterTestForMultipleTestCases" name="registration" time="0.001"/>
  <testcase classname="com.practice.ParameterTestForMultipleTestCases" name="loginUser1" time="0.002"/>
  <testcase classname="com.practice.ParameterTestForMultipleTestCases" name="registration" time="0.001"/>
  <testcase classname="com.practice.ParameterTestForMultipleTestCases" name="loginUser1" time="0.001"/>
  <testcase classname="com.practice.ParameterTestForMultipleTestCases" name="registration" time="0.001"/>
  <testcase classname="com.practice.ParameterTestForMultipleTestCases" name="loginUser1" time="0.001"/>
  <testcase classname="com.practice.ParameterTestForMultipleTestCases" name="registration" time="0.001"/>
</testsuite> <!-- Test3 -->
