<?xml version="1.0" encoding="UTF-8"?>
<!-- Generated by org.testng.reporters.JUnitXMLReporter -->
<testsuite ignored="0" hostname="IMCCBCP291-MSL2" failures="0" tests="10" name="Test" time="0.1" errors="0" timestamp="2022-02-06T23:13:06 IST">
  <testcase classname="com.practice.ParameterTestForMultipleTestCases" name="loginUser1" time="0.009"/>
  <testcase classname="com.practice.ParameterTestForMultipleTestCases" name="loginUser1" time="0.001"/>
  <testcase classname="com.practice.ParameterTestForMultipleTestCases" name="loginUser1" time="0.001"/>
  <testcase classname="com.practice.ParameterTestForMultipleTestCases" name="loginUser1" time="0.001"/>
  <testcase classname="com.practice.ParameterTestForMultipleTestCases" name="loginUser1" time="0.002"/>
  <testcase classname="com.practice.ParameterTestForMultipleTestCases" name="registration" time="0.002"/>
  <testcase classname="com.practice.ParameterTestForMultipleTestCases" name="registration" time="0.002"/>
  <testcase classname="com.practice.ParameterTestForMultipleTestCases" name="registration" time="0.002"/>
  <testcase classname="com.practice.ParameterTestForMultipleTestCases" name="registration" time="0.002"/>
  <testcase classname="com.practice.ParameterTestForMultipleTestCases" name="registration" time="0.002"/>
</testsuite> <!-- Test -->
